2025-05-27T12:39:34.543Z [INFO]: [JiraApiService.fetchJson] Attempting to fetch: https://ncratleosengtools.atlassian.net/rest/api/3/project
2025-05-27T12:39:35.960Z [INFO]: [JiraApiService.fetchJson] Response status for https://ncratleosengtools.atlassian.net/rest/api/3/project: 200
2025-05-27T12:39:35.961Z [INFO]: [JiraApiService.fetchJson] Successfully fetched and parsed JSON for https://ncratleosengtools.atlassian.net/rest/api/3/project. Data snippet: []...
2025-05-27T12:39:35.962Z [INFO]: [JiraApiService.fetchJson] Attempting to fetch: https://ncratleosengtools.atlassian.net/rest/api/3/issue/createmeta?projectKeys=PFA&expand=projects.issuetypes
2025-05-27T12:39:36.916Z [INFO]: [JiraApiService.fetchJson] Response status for https://ncratleosengtools.atlassian.net/rest/api/3/issue/createmeta?projectKeys=PFA&expand=projects.issuetypes: 200
2025-05-27T12:39:36.916Z [INFO]: [JiraApiService.fetchJson] Successfully fetched and parsed JSON for https://ncratleosengtools.atlassian.net/rest/api/3/issue/createmeta?projectKeys=PFA&expand=projects.issuetypes. Data snippet: {"expand":"projects","projects":[]}...
2025-05-27T12:39:36.916Z [INFO]: [JiraApiService.fetchJson] Attempting to fetch: https://ncratleosengtools.atlassian.net/rest/api/3/user/assignable/search?project=PFA
2025-05-27T12:39:37.852Z [INFO]: [JiraApiService.fetchJson] Response status for https://ncratleosengtools.atlassian.net/rest/api/3/user/assignable/search?project=PFA: 404
2025-05-27T12:39:37.853Z [ERROR]: [JiraApiService.fetchJson] Error status 404 for https://ncratleosengtools.atlassian.net/rest/api/3/user/assignable/search?project=PFA
2025-05-27T12:43:52.531Z [INFO]: [JiraApiService.fetchJson] Attempting to fetch: https://ncratleosengtools.atlassian.net/rest/api/3/project
2025-05-27T12:46:27.424Z [INFO]: [JiraApiService.fetchJson] Attempting to fetch: https://ncratleosengtools.atlassian.net/rest/api/3/project
2025-05-27T12:46:28.899Z [INFO]: [JiraApiService.fetchJson] Response status for https://ncratleosengtools.atlassian.net/rest/api/3/project: 200
2025-05-27T12:46:28.905Z [INFO]: [JiraApiService.fetchJson] Successfully fetched and parsed JSON for https://ncratleosengtools.atlassian.net/rest/api/3/project. Data snippet: []...
2025-05-27T12:46:28.906Z [INFO]: [JiraApiService.fetchJson] Attempting to fetch: https://ncratleosengtools.atlassian.net/rest/api/3/issue/createmeta?projectKeys=PFA&expand=projects.issuetypes
2025-05-27T12:46:29.231Z [INFO]: [JiraApiService.fetchJson] Response status for https://ncratleosengtools.atlassian.net/rest/api/3/issue/createmeta?projectKeys=PFA&expand=projects.issuetypes: 200
2025-05-27T12:46:29.233Z [INFO]: [JiraApiService.fetchJson] Successfully fetched and parsed JSON for https://ncratleosengtools.atlassian.net/rest/api/3/issue/createmeta?projectKeys=PFA&expand=projects.issuetypes. Data snippet: {"expand":"projects","projects":[]}...
2025-05-27T12:46:29.233Z [INFO]: [JiraApiService.fetchJson] Attempting to fetch: https://ncratleosengtools.atlassian.net/rest/api/3/user/assignable/search?project=PFA
2025-05-27T12:46:29.586Z [INFO]: [JiraApiService.fetchJson] Response status for https://ncratleosengtools.atlassian.net/rest/api/3/user/assignable/search?project=PFA: 404
2025-05-27T12:46:29.586Z [ERROR]: [JiraApiService.fetchJson] Error status 404 for https://ncratleosengtools.atlassian.net/rest/api/3/user/assignable/search?project=PFA
2025-05-27T13:13:37.141Z [INFO]: [JiraApiService] Initialized with email: aj385009@ncratleos.com, Token ending with: 8=7CD30E52
2025-05-27T13:13:37.141Z [DEBUG]: [JiraApiService] Authorization header set to: Basic YWozODUwMD...NEMzBFNTI=
2025-05-27T13:13:37.143Z [DEBUG]: [JiraApiService.fetchJson] Attempting to fetch: https://ncratleosengtools.atlassian.net/rest/api/3/project with method: GET
2025-05-27T13:13:37.143Z [DEBUG]: [JiraApiService.fetchJson] Request Headers for https://ncratleosengtools.atlassian.net/rest/api/3/project: {"accept":"application/json","authorization":"Basic YWozODUwM... (hidden)","content-type":"application/json"}
2025-05-27T13:13:54.914Z [INFO]: [JiraApiService.fetchJson] Response status for https://ncratleosengtools.atlassian.net/rest/api/3/project: 200
2025-05-27T13:13:55.232Z [DEBUG]: [JiraApiService.fetchJson] Successfully fetched and parsed JSON for https://ncratleosengtools.atlassian.net/rest/api/3/project.
2025-05-27T13:13:55.239Z [DEBUG]: [JiraApiService.fetchJson] Attempting to fetch: https://ncratleosengtools.atlassian.net/rest/api/3/issue/createmeta?projectKeys=PFA&expand=projects.issuetypes with method: GET
2025-05-27T13:13:55.239Z [DEBUG]: [JiraApiService.fetchJson] Request Headers for https://ncratleosengtools.atlassian.net/rest/api/3/issue/createmeta?projectKeys=PFA&expand=projects.issuetypes: {"accept":"application/json","authorization":"Basic YWozODUwM... (hidden)","content-type":"application/json"}
2025-05-27T13:13:56.317Z [INFO]: [JiraApiService.fetchJson] Response status for https://ncratleosengtools.atlassian.net/rest/api/3/issue/createmeta?projectKeys=PFA&expand=projects.issuetypes: 200
2025-05-27T13:13:56.318Z [DEBUG]: [JiraApiService.fetchJson] Successfully fetched and parsed JSON for https://ncratleosengtools.atlassian.net/rest/api/3/issue/createmeta?projectKeys=PFA&expand=projects.issuetypes.
2025-05-27T13:13:56.322Z [DEBUG]: [JiraApiService.fetchJson] Attempting to fetch: https://ncratleosengtools.atlassian.net/rest/api/3/user/assignable/search?project=PFA with method: GET
2025-05-27T13:13:56.322Z [DEBUG]: [JiraApiService.fetchJson] Request Headers for https://ncratleosengtools.atlassian.net/rest/api/3/user/assignable/search?project=PFA: {"accept":"application/json","authorization":"Basic YWozODUwM... (hidden)","content-type":"application/json"}
2025-05-27T13:13:57.058Z [INFO]: [JiraApiService.fetchJson] Response status for https://ncratleosengtools.atlassian.net/rest/api/3/user/assignable/search?project=PFA: 200
2025-05-27T13:13:57.058Z [DEBUG]: [JiraApiService.fetchJson] Successfully fetched and parsed JSON for https://ncratleosengtools.atlassian.net/rest/api/3/user/assignable/search?project=PFA.
2025-05-27T13:13:57.066Z [DEBUG]: [JiraApiService.fetchJson] Attempting to fetch: https://ncratleosengtools.atlassian.net/rest/agile/1.0/board/5892/sprint?state=active,future,closed&maxResults=100 with method: GET
2025-05-27T13:13:57.066Z [DEBUG]: [JiraApiService.fetchJson] Request Headers for https://ncratleosengtools.atlassian.net/rest/agile/1.0/board/5892/sprint?state=active,future,closed&maxResults=100: {"accept":"application/json","authorization":"Basic YWozODUwM... (hidden)","content-type":"application/json"}
2025-05-27T13:13:58.337Z [INFO]: [JiraApiService.fetchJson] Response status for https://ncratleosengtools.atlassian.net/rest/agile/1.0/board/5892/sprint?state=active,future,closed&maxResults=100: 200
2025-05-27T13:13:58.337Z [DEBUG]: [JiraApiService.fetchJson] Successfully fetched and parsed JSON for https://ncratleosengtools.atlassian.net/rest/agile/1.0/board/5892/sprint?state=active,future,closed&maxResults=100.
2025-05-27T13:13:58.340Z [DEBUG]: [JiraApiService.fetchJson] Attempting to fetch: https://ncratleosengtools.atlassian.net/rest/api/3/priority with method: GET
2025-05-27T13:13:58.341Z [DEBUG]: [JiraApiService.fetchJson] Request Headers for https://ncratleosengtools.atlassian.net/rest/api/3/priority: {"accept":"application/json","authorization":"Basic YWozODUwM... (hidden)","content-type":"application/json"}
2025-05-27T13:13:58.696Z [INFO]: [JiraApiService.fetchJson] Response status for https://ncratleosengtools.atlassian.net/rest/api/3/priority: 200
2025-05-27T13:13:58.697Z [DEBUG]: [JiraApiService.fetchJson] Successfully fetched and parsed JSON for https://ncratleosengtools.atlassian.net/rest/api/3/priority.
2025-05-27T13:13:58.699Z [DEBUG]: [JiraApiService.fetchJson] Attempting to fetch: https://ncratleosengtools.atlassian.net/rest/api/3/label?maxResults=1000 with method: GET
2025-05-27T13:13:58.699Z [DEBUG]: [JiraApiService.fetchJson] Request Headers for https://ncratleosengtools.atlassian.net/rest/api/3/label?maxResults=1000: {"accept":"application/json","authorization":"Basic YWozODUwM... (hidden)","content-type":"application/json"}
2025-05-27T13:13:59.194Z [INFO]: [JiraApiService.fetchJson] Response status for https://ncratleosengtools.atlassian.net/rest/api/3/label?maxResults=1000: 200
2025-05-27T13:13:59.194Z [DEBUG]: [JiraApiService.fetchJson] Successfully fetched and parsed JSON for https://ncratleosengtools.atlassian.net/rest/api/3/label?maxResults=1000.
2025-05-27T13:13:59.197Z [DEBUG]: [JiraApiService.fetchJson] Attempting to fetch: https://ncratleosengtools.atlassian.net/rest/api/3/field with method: GET
2025-05-27T13:13:59.197Z [DEBUG]: [JiraApiService.fetchJson] Request Headers for https://ncratleosengtools.atlassian.net/rest/api/3/field: {"accept":"application/json","authorization":"Basic YWozODUwM... (hidden)","content-type":"application/json"}
2025-05-27T13:13:59.785Z [INFO]: [JiraApiService.fetchJson] Response status for https://ncratleosengtools.atlassian.net/rest/api/3/field: 200
2025-05-27T13:13:59.804Z [DEBUG]: [JiraApiService.fetchJson] Successfully fetched and parsed JSON for https://ncratleosengtools.atlassian.net/rest/api/3/field.
